[2023-04-27T13:36:37.839768-04:00] access_logs.ERROR: This Failed [] []
[2023-04-27T13:36:37.840755-04:00] access_logs.ALERT: Hey this is an alert [] []
[2023-04-27T13:36:37.840781-04:00] access_logs.WARNING: This is a warning [] []
[2023-04-27T13:36:37.840798-04:00] access_logs.DEBUG: This is a debug [] []
[2023-04-27T13:36:37.840812-04:00] access_logs.NOTICE: This is a notice [] []
[2023-04-27T13:36:37.840825-04:00] access_logs.CRITICAL: This is critical [] []
[2023-04-27T13:36:37.840838-04:00] access_logs.EMERGENCY: This is an emergency [] []
[2023-04-27T13:36:37.840855-04:00] database_logs.INFO: This query failed... [] []
[2023-04-27T13:36:37.840875-04:00] access_logs.INFO: Access: GET/space-api/planets [] []
[2023-04-27T13:36:37.840890-04:00] access_logs.INFO: IP: 127.0.0.1GET/space-api/planets [] []
[2023-04-27T13:41:11.965218-04:00] access_logs.ERROR: This Failed [] []
[2023-04-27T13:41:11.966105-04:00] access_logs.ALERT: Hey this is an alert [] []
[2023-04-27T13:41:11.966128-04:00] access_logs.WARNING: This is a warning [] []
[2023-04-27T13:41:11.966144-04:00] access_logs.DEBUG: This is a debug [] []
[2023-04-27T13:41:11.966158-04:00] access_logs.NOTICE: This is a notice [] []
[2023-04-27T13:41:11.966171-04:00] access_logs.CRITICAL: This is critical [] []
[2023-04-27T13:41:11.966184-04:00] access_logs.EMERGENCY: This is an emergency [] []
[2023-04-27T13:41:11.966201-04:00] database_logs.INFO: This query failed... [] []
[2023-04-27T13:41:11.966219-04:00] access_logs.INFO: Access: GET/space-api/planets [] []
[2023-04-27T13:41:11.966234-04:00] access_logs.INFO: IP: 127.0.0.1GET/space-api/planets [] []
[2023-04-27T13:41:11.966248-04:00] access_logs.INFO: Body Data: GET/space-api/planets [] []
[2023-04-27T13:41:30.231982-04:00] access_logs.ERROR: This Failed [] []
[2023-04-27T13:41:30.232745-04:00] access_logs.ALERT: Hey this is an alert [] []
[2023-04-27T13:41:30.232769-04:00] access_logs.WARNING: This is a warning [] []
[2023-04-27T13:41:30.232785-04:00] access_logs.DEBUG: This is a debug [] []
[2023-04-27T13:41:30.232799-04:00] access_logs.NOTICE: This is a notice [] []
[2023-04-27T13:41:30.232812-04:00] access_logs.CRITICAL: This is critical [] []
[2023-04-27T13:41:30.232825-04:00] access_logs.EMERGENCY: This is an emergency [] []
[2023-04-27T13:41:30.232842-04:00] database_logs.INFO: This query failed... [] []
[2023-04-27T13:41:30.232861-04:00] access_logs.INFO: Access: GET/space-api/planets [] []
[2023-04-27T13:41:30.232877-04:00] access_logs.INFO: IP: 127.0.0.1GET/space-api/planets [] []
[2023-04-27T13:41:30.232892-04:00] access_logs.INFO: Body Data: GET/space-api/planets [] []
[2023-04-27T13:42:33.008930-04:00] access_logs.ERROR: This Failed [] []
[2023-04-27T13:42:33.009674-04:00] access_logs.ALERT: Hey this is an alert [] []
[2023-04-27T13:42:33.009697-04:00] access_logs.WARNING: This is a warning [] []
[2023-04-27T13:42:33.009714-04:00] access_logs.DEBUG: This is a debug [] []
[2023-04-27T13:42:33.009728-04:00] access_logs.NOTICE: This is a notice [] []
[2023-04-27T13:42:33.009741-04:00] access_logs.CRITICAL: This is critical [] []
[2023-04-27T13:42:33.009754-04:00] access_logs.EMERGENCY: This is an emergency [] []
[2023-04-27T13:42:33.009771-04:00] database_logs.INFO: This query failed... [] []
[2023-04-27T13:42:33.009788-04:00] access_logs.INFO: Access: GET/space-api/planets [] []
[2023-04-27T13:42:33.009804-04:00] access_logs.INFO: IP: 127.0.0.1GET/space-api/planets [] []
[2023-04-27T13:42:33.009818-04:00] access_logs.INFO: Body Data:  [] []
[2023-04-27T13:45:28.426401-04:00] access_logs.ERROR: This Failed [] []
[2023-04-27T13:45:28.427400-04:00] access_logs.ALERT: Hey this is an alert [] []
[2023-04-27T13:45:28.427424-04:00] access_logs.WARNING: This is a warning [] []
[2023-04-27T13:45:28.427441-04:00] access_logs.DEBUG: This is a debug [] []
[2023-04-27T13:45:28.427454-04:00] access_logs.NOTICE: This is a notice [] []
[2023-04-27T13:45:28.427468-04:00] access_logs.CRITICAL: This is critical [] []
[2023-04-27T13:45:28.427480-04:00] access_logs.EMERGENCY: This is an emergency [] []
[2023-04-27T13:45:28.427498-04:00] database_logs.INFO: This query failed... [] []
[2023-04-27T13:45:28.427520-04:00] access_logs.INFO: Access: GET/space-api/planets [] []
[2023-04-27T13:45:28.427537-04:00] access_logs.INFO: IP: 127.0.0.1GET/space-api/planets [] []
[2023-04-27T13:45:28.427732-04:00] access_logs.INFO: Body Data: ArrayGET/space-api/planets [] []
[2023-04-28T11:06:05.881949-04:00] access_logs.ERROR: This Failed [] []
[2023-04-28T11:06:05.909039-04:00] access_logs.ALERT: Hey this is an alert [] []
[2023-04-28T11:06:05.909070-04:00] access_logs.WARNING: This is a warning [] []
[2023-04-28T11:06:05.909091-04:00] access_logs.DEBUG: This is a debug [] []
[2023-04-28T11:06:05.909109-04:00] access_logs.NOTICE: This is a notice [] []
[2023-04-28T11:06:05.909126-04:00] access_logs.CRITICAL: This is critical [] []
[2023-04-28T11:06:05.909143-04:00] access_logs.EMERGENCY: This is an emergency [] []
[2023-04-28T11:06:05.909169-04:00] database_logs.INFO: This query failed... [] []
[2023-04-28T11:06:05.909194-04:00] access_logs.INFO: Access: POST/space-api/account [] []
[2023-04-28T11:06:05.909214-04:00] access_logs.INFO: IP: 127.0.0.1POST/space-api/account [] []
[2023-04-28T11:06:05.909427-04:00] access_logs.INFO: Body Data: ArrayPOST/space-api/account [] []
[2023-04-28T11:06:19.705737-04:00] access_logs.ERROR: This Failed [] []
[2023-04-28T11:06:19.706699-04:00] access_logs.ALERT: Hey this is an alert [] []
[2023-04-28T11:06:19.706729-04:00] access_logs.WARNING: This is a warning [] []
[2023-04-28T11:06:19.706750-04:00] access_logs.DEBUG: This is a debug [] []
[2023-04-28T11:06:19.706769-04:00] access_logs.NOTICE: This is a notice [] []
[2023-04-28T11:06:19.706786-04:00] access_logs.CRITICAL: This is critical [] []
[2023-04-28T11:06:19.706805-04:00] access_logs.EMERGENCY: This is an emergency [] []
[2023-04-28T11:06:19.706830-04:00] database_logs.INFO: This query failed... [] []
[2023-04-28T11:06:19.706857-04:00] access_logs.INFO: Access: POST/space-api/account [] []
[2023-04-28T11:06:19.706885-04:00] access_logs.INFO: IP: 127.0.0.1POST/space-api/account [] []
[2023-04-28T11:06:19.707090-04:00] access_logs.INFO: Body Data: ArrayPOST/space-api/account [] []
[2023-04-28T11:07:06.409309-04:00] access_logs.ERROR: This Failed [] []
[2023-04-28T11:07:06.410139-04:00] access_logs.ALERT: Hey this is an alert [] []
[2023-04-28T11:07:06.410167-04:00] access_logs.WARNING: This is a warning [] []
[2023-04-28T11:07:06.410188-04:00] access_logs.DEBUG: This is a debug [] []
[2023-04-28T11:07:06.410205-04:00] access_logs.NOTICE: This is a notice [] []
[2023-04-28T11:07:06.410223-04:00] access_logs.CRITICAL: This is critical [] []
[2023-04-28T11:07:06.410240-04:00] access_logs.EMERGENCY: This is an emergency [] []
[2023-04-28T11:07:06.410261-04:00] database_logs.INFO: This query failed... [] []
[2023-04-28T11:07:06.410282-04:00] access_logs.INFO: Access: POST/space-api/account [] []
[2023-04-28T11:07:06.410301-04:00] access_logs.INFO: IP: 127.0.0.1POST/space-api/account [] []
[2023-04-28T11:08:24.716835-04:00] access_logs.ERROR: This Failed [] []
[2023-04-28T11:08:24.717844-04:00] access_logs.ALERT: Hey this is an alert [] []
[2023-04-28T11:08:24.717872-04:00] access_logs.WARNING: This is a warning [] []
[2023-04-28T11:08:24.717893-04:00] access_logs.DEBUG: This is a debug [] []
[2023-04-28T11:08:24.717911-04:00] access_logs.NOTICE: This is a notice [] []
[2023-04-28T11:08:24.717927-04:00] access_logs.CRITICAL: This is critical [] []
[2023-04-28T11:08:24.717944-04:00] access_logs.EMERGENCY: This is an emergency [] []
[2023-04-28T11:08:24.717967-04:00] database_logs.INFO: This query failed... [] []
[2023-04-28T11:08:24.717991-04:00] access_logs.INFO: Access: POST/space-api/account [] []
[2023-04-28T11:08:24.718010-04:00] access_logs.INFO: IP: 127.0.0.1POST/space-api/account [] []
[2023-04-28T11:08:31.542062-04:00] access_logs.ERROR: This Failed [] []
[2023-04-28T11:08:31.542879-04:00] access_logs.ALERT: Hey this is an alert [] []
[2023-04-28T11:08:31.542908-04:00] access_logs.WARNING: This is a warning [] []
[2023-04-28T11:08:31.542928-04:00] access_logs.DEBUG: This is a debug [] []
[2023-04-28T11:08:31.542951-04:00] access_logs.NOTICE: This is a notice [] []
[2023-04-28T11:08:31.542971-04:00] access_logs.CRITICAL: This is critical [] []
[2023-04-28T11:08:31.542989-04:00] access_logs.EMERGENCY: This is an emergency [] []
[2023-04-28T11:08:31.543010-04:00] database_logs.INFO: This query failed... [] []
[2023-04-28T11:08:31.543037-04:00] access_logs.INFO: Access: POST/space-api/account [] []
[2023-04-28T11:08:31.543058-04:00] access_logs.INFO: IP: 127.0.0.1POST/space-api/account [] []
[2023-04-28T11:09:27.146467-04:00] access_logs.ERROR: This Failed [] []
[2023-04-28T11:09:27.147319-04:00] access_logs.ALERT: Hey this is an alert [] []
[2023-04-28T11:09:27.147347-04:00] access_logs.WARNING: This is a warning [] []
[2023-04-28T11:09:27.147367-04:00] access_logs.DEBUG: This is a debug [] []
[2023-04-28T11:09:27.147385-04:00] access_logs.NOTICE: This is a notice [] []
[2023-04-28T11:09:27.147402-04:00] access_logs.CRITICAL: This is critical [] []
[2023-04-28T11:09:27.147419-04:00] access_logs.EMERGENCY: This is an emergency [] []
[2023-04-28T11:09:27.147441-04:00] database_logs.INFO: This query failed... [] []
[2023-04-28T11:09:27.147465-04:00] access_logs.INFO: Access: POST/space-api/account [] []
[2023-04-28T11:09:27.147484-04:00] access_logs.INFO: IP: 127.0.0.1POST/space-api/account [] []
[2023-04-28T11:10:03.292826-04:00] access_logs.ERROR: This Failed [] []
[2023-04-28T11:10:03.321764-04:00] access_logs.ALERT: Hey this is an alert [] []
[2023-04-28T11:10:03.321793-04:00] access_logs.WARNING: This is a warning [] []
[2023-04-28T11:10:03.321813-04:00] access_logs.DEBUG: This is a debug [] []
[2023-04-28T11:10:03.321832-04:00] access_logs.NOTICE: This is a notice [] []
[2023-04-28T11:10:03.321849-04:00] access_logs.CRITICAL: This is critical [] []
[2023-04-28T11:10:03.321865-04:00] access_logs.EMERGENCY: This is an emergency [] []
[2023-04-28T11:10:03.321891-04:00] database_logs.INFO: This query failed... [] []
[2023-04-28T11:10:03.321916-04:00] access_logs.INFO: Access: POST/space-api/account [] []
[2023-04-28T11:10:03.321935-04:00] access_logs.INFO: IP: 127.0.0.1POST/space-api/account [] []
[2023-04-28T11:10:58.511899-04:00] access_logs.ERROR: This Failed [] []
[2023-04-28T11:10:58.512897-04:00] access_logs.ALERT: Hey this is an alert [] []
[2023-04-28T11:10:58.512925-04:00] access_logs.WARNING: This is a warning [] []
[2023-04-28T11:10:58.512945-04:00] access_logs.DEBUG: This is a debug [] []
[2023-04-28T11:10:58.512963-04:00] access_logs.NOTICE: This is a notice [] []
[2023-04-28T11:10:58.512980-04:00] access_logs.CRITICAL: This is critical [] []
[2023-04-28T11:10:58.512997-04:00] access_logs.EMERGENCY: This is an emergency [] []
[2023-04-28T11:10:58.513019-04:00] database_logs.INFO: This query failed... [] []
[2023-04-28T11:10:58.513039-04:00] access_logs.INFO: Access: POST/space-api/account [] []
[2023-04-28T11:10:58.513059-04:00] access_logs.INFO: IP: 127.0.0.1POST/space-api/account [] []
[2023-04-28T11:11:38.023007-04:00] access_logs.ERROR: This Failed [] []
[2023-04-28T11:11:38.023875-04:00] access_logs.ALERT: Hey this is an alert [] []
[2023-04-28T11:11:38.023903-04:00] access_logs.WARNING: This is a warning [] []
[2023-04-28T11:11:38.023923-04:00] access_logs.DEBUG: This is a debug [] []
[2023-04-28T11:11:38.023942-04:00] access_logs.NOTICE: This is a notice [] []
[2023-04-28T11:11:38.023959-04:00] access_logs.CRITICAL: This is critical [] []
[2023-04-28T11:11:38.023977-04:00] access_logs.EMERGENCY: This is an emergency [] []
[2023-04-28T11:11:38.024007-04:00] database_logs.INFO: This query failed... [] []
[2023-04-28T11:11:38.024032-04:00] access_logs.INFO: Access: POST/space-api/account [] []
[2023-04-28T11:11:38.024051-04:00] access_logs.INFO: IP: 127.0.0.1POST/space-api/account [] []
[2023-04-28T11:12:33.428497-04:00] access_logs.ERROR: This Failed [] []
[2023-04-28T11:12:33.433092-04:00] access_logs.ALERT: Hey this is an alert [] []
[2023-04-28T11:12:33.433130-04:00] access_logs.WARNING: This is a warning [] []
[2023-04-28T11:12:33.433154-04:00] access_logs.DEBUG: This is a debug [] []
[2023-04-28T11:12:33.433179-04:00] access_logs.NOTICE: This is a notice [] []
[2023-04-28T11:12:33.433202-04:00] access_logs.CRITICAL: This is critical [] []
[2023-04-28T11:12:33.433222-04:00] access_logs.EMERGENCY: This is an emergency [] []
[2023-04-28T11:12:33.433250-04:00] database_logs.INFO: This query failed... [] []
[2023-04-28T11:12:33.433276-04:00] access_logs.INFO: Access: POST/space-api/account [] []
[2023-04-28T11:12:33.433298-04:00] access_logs.INFO: IP: 127.0.0.1POST/space-api/account [] []
[2023-04-28T11:22:32.626036-04:00] access_logs.ERROR: This Failed [] []
[2023-04-28T11:22:32.627055-04:00] access_logs.ALERT: Hey this is an alert [] []
[2023-04-28T11:22:32.627084-04:00] access_logs.WARNING: This is a warning [] []
[2023-04-28T11:22:32.627105-04:00] access_logs.DEBUG: This is a debug [] []
[2023-04-28T11:22:32.627123-04:00] access_logs.NOTICE: This is a notice [] []
[2023-04-28T11:22:32.627140-04:00] access_logs.CRITICAL: This is critical [] []
[2023-04-28T11:22:32.627158-04:00] access_logs.EMERGENCY: This is an emergency [] []
[2023-04-28T11:22:32.627181-04:00] database_logs.INFO: This query failed... [] []
[2023-04-28T11:22:32.627205-04:00] access_logs.INFO: Access: POST/space-api/token [] []
[2023-04-28T11:22:32.627225-04:00] access_logs.INFO: IP: 127.0.0.1POST/space-api/token [] []
[2023-04-28T11:25:13.487140-04:00] access_logs.ERROR: This Failed [] []
[2023-04-28T11:25:13.519903-04:00] access_logs.ALERT: Hey this is an alert [] []
[2023-04-28T11:25:13.519933-04:00] access_logs.WARNING: This is a warning [] []
[2023-04-28T11:25:13.519954-04:00] access_logs.DEBUG: This is a debug [] []
[2023-04-28T11:25:13.519973-04:00] access_logs.NOTICE: This is a notice [] []
[2023-04-28T11:25:13.519991-04:00] access_logs.CRITICAL: This is critical [] []
[2023-04-28T11:25:13.520010-04:00] access_logs.EMERGENCY: This is an emergency [] []
[2023-04-28T11:25:13.520035-04:00] database_logs.INFO: This query failed... [] []
[2023-04-28T11:25:13.520059-04:00] access_logs.INFO: Access: POST/space-api/token [] []
[2023-04-28T11:25:13.520079-04:00] access_logs.INFO: IP: 127.0.0.1POST/space-api/token [] []
[2023-04-28T11:27:13.615446-04:00] access_logs.ERROR: This Failed [] []
[2023-04-28T11:27:13.616268-04:00] access_logs.ALERT: Hey this is an alert [] []
[2023-04-28T11:27:13.616296-04:00] access_logs.WARNING: This is a warning [] []
[2023-04-28T11:27:13.616316-04:00] access_logs.DEBUG: This is a debug [] []
[2023-04-28T11:27:13.616334-04:00] access_logs.NOTICE: This is a notice [] []
[2023-04-28T11:27:13.616351-04:00] access_logs.CRITICAL: This is critical [] []
[2023-04-28T11:27:13.616368-04:00] access_logs.EMERGENCY: This is an emergency [] []
[2023-04-28T11:27:13.616389-04:00] database_logs.INFO: This query failed... [] []
[2023-04-28T11:27:13.616413-04:00] access_logs.INFO: Access: POST/space-api/token [] []
[2023-04-28T11:27:13.616432-04:00] access_logs.INFO: IP: 127.0.0.1POST/space-api/token [] []
[2023-04-28T11:28:53.040082-04:00] access_logs.ERROR: This Failed [] []
[2023-04-28T11:28:53.041075-04:00] access_logs.ALERT: Hey this is an alert [] []
[2023-04-28T11:28:53.041103-04:00] access_logs.WARNING: This is a warning [] []
[2023-04-28T11:28:53.041123-04:00] access_logs.DEBUG: This is a debug [] []
[2023-04-28T11:28:53.041141-04:00] access_logs.NOTICE: This is a notice [] []
[2023-04-28T11:28:53.041158-04:00] access_logs.CRITICAL: This is critical [] []
[2023-04-28T11:28:53.041174-04:00] access_logs.EMERGENCY: This is an emergency [] []
[2023-04-28T11:28:53.041195-04:00] database_logs.INFO: This query failed... [] []
[2023-04-28T11:28:53.041217-04:00] access_logs.INFO: Access: POST/space-api/token [] []
[2023-04-28T11:28:53.041236-04:00] access_logs.INFO: IP: 127.0.0.1POST/space-api/token [] []
[2023-04-28T11:29:11.081772-04:00] access_logs.ERROR: This Failed [] []
[2023-04-28T11:29:11.082605-04:00] access_logs.ALERT: Hey this is an alert [] []
[2023-04-28T11:29:11.082633-04:00] access_logs.WARNING: This is a warning [] []
[2023-04-28T11:29:11.082654-04:00] access_logs.DEBUG: This is a debug [] []
[2023-04-28T11:29:11.082674-04:00] access_logs.NOTICE: This is a notice [] []
[2023-04-28T11:29:11.082693-04:00] access_logs.CRITICAL: This is critical [] []
[2023-04-28T11:29:11.082710-04:00] access_logs.EMERGENCY: This is an emergency [] []
[2023-04-28T11:29:11.082731-04:00] database_logs.INFO: This query failed... [] []
[2023-04-28T11:29:11.082755-04:00] access_logs.INFO: Access: POST/space-api/token [] []
[2023-04-28T11:29:11.082774-04:00] access_logs.INFO: IP: 127.0.0.1POST/space-api/token [] []
[2023-04-28T11:30:51.636835-04:00] access_logs.ERROR: This Failed [] []
[2023-04-28T11:30:51.637667-04:00] access_logs.ALERT: Hey this is an alert [] []
[2023-04-28T11:30:51.637696-04:00] access_logs.WARNING: This is a warning [] []
[2023-04-28T11:30:51.637717-04:00] access_logs.DEBUG: This is a debug [] []
[2023-04-28T11:30:51.637735-04:00] access_logs.NOTICE: This is a notice [] []
[2023-04-28T11:30:51.637752-04:00] access_logs.CRITICAL: This is critical [] []
[2023-04-28T11:30:51.637769-04:00] access_logs.EMERGENCY: This is an emergency [] []
[2023-04-28T11:30:51.637792-04:00] database_logs.INFO: This query failed... [] []
[2023-04-28T11:30:51.637815-04:00] access_logs.INFO: Access: POST/space-api/token [] []
[2023-04-28T11:30:51.637834-04:00] access_logs.INFO: IP: 127.0.0.1POST/space-api/token [] []
[2023-04-28T11:32:20.779819-04:00] access_logs.ERROR: This Failed [] []
[2023-04-28T11:32:20.780813-04:00] access_logs.ALERT: Hey this is an alert [] []
[2023-04-28T11:32:20.780842-04:00] access_logs.WARNING: This is a warning [] []
[2023-04-28T11:32:20.780862-04:00] access_logs.DEBUG: This is a debug [] []
[2023-04-28T11:32:20.780880-04:00] access_logs.NOTICE: This is a notice [] []
[2023-04-28T11:32:20.780897-04:00] access_logs.CRITICAL: This is critical [] []
[2023-04-28T11:32:20.780914-04:00] access_logs.EMERGENCY: This is an emergency [] []
[2023-04-28T11:32:20.780937-04:00] database_logs.INFO: This query failed... [] []
[2023-04-28T11:32:20.780960-04:00] access_logs.INFO: Access: POST/space-api/token [] []
[2023-04-28T11:32:20.780979-04:00] access_logs.INFO: IP: 127.0.0.1POST/space-api/token [] []
[2023-04-28T11:32:43.694391-04:00] access_logs.ERROR: This Failed [] []
[2023-04-28T11:32:43.695191-04:00] access_logs.ALERT: Hey this is an alert [] []
[2023-04-28T11:32:43.695219-04:00] access_logs.WARNING: This is a warning [] []
[2023-04-28T11:32:43.695239-04:00] access_logs.DEBUG: This is a debug [] []
[2023-04-28T11:32:43.695257-04:00] access_logs.NOTICE: This is a notice [] []
[2023-04-28T11:32:43.695273-04:00] access_logs.CRITICAL: This is critical [] []
[2023-04-28T11:32:43.695290-04:00] access_logs.EMERGENCY: This is an emergency [] []
[2023-04-28T11:32:43.695311-04:00] database_logs.INFO: This query failed... [] []
[2023-04-28T11:32:43.695333-04:00] access_logs.INFO: Access: POST/space-api/token [] []
[2023-04-28T11:32:43.695352-04:00] access_logs.INFO: IP: 127.0.0.1POST/space-api/token [] []
[2023-04-28T11:33:07.793345-04:00] access_logs.ERROR: This Failed [] []
[2023-04-28T11:33:07.794170-04:00] access_logs.ALERT: Hey this is an alert [] []
[2023-04-28T11:33:07.794198-04:00] access_logs.WARNING: This is a warning [] []
[2023-04-28T11:33:07.794219-04:00] access_logs.DEBUG: This is a debug [] []
[2023-04-28T11:33:07.794237-04:00] access_logs.NOTICE: This is a notice [] []
[2023-04-28T11:33:07.794254-04:00] access_logs.CRITICAL: This is critical [] []
[2023-04-28T11:33:07.794270-04:00] access_logs.EMERGENCY: This is an emergency [] []
[2023-04-28T11:33:07.794291-04:00] database_logs.INFO: This query failed... [] []
[2023-04-28T11:33:07.794314-04:00] access_logs.INFO: Access: POST/space-api/token [] []
[2023-04-28T11:33:07.794333-04:00] access_logs.INFO: IP: 127.0.0.1POST/space-api/token [] []
[2023-04-28T11:33:39.489337-04:00] access_logs.ERROR: This Failed [] []
[2023-04-28T11:33:39.490168-04:00] access_logs.ALERT: Hey this is an alert [] []
[2023-04-28T11:33:39.490195-04:00] access_logs.WARNING: This is a warning [] []
[2023-04-28T11:33:39.490215-04:00] access_logs.DEBUG: This is a debug [] []
[2023-04-28T11:33:39.490233-04:00] access_logs.NOTICE: This is a notice [] []
[2023-04-28T11:33:39.490254-04:00] access_logs.CRITICAL: This is critical [] []
[2023-04-28T11:33:39.490271-04:00] access_logs.EMERGENCY: This is an emergency [] []
[2023-04-28T11:33:39.490293-04:00] database_logs.INFO: This query failed... [] []
[2023-04-28T11:33:39.490316-04:00] access_logs.INFO: Access: POST/space-api/token [] []
[2023-04-28T11:33:39.490335-04:00] access_logs.INFO: IP: 127.0.0.1POST/space-api/token [] []
[2023-04-28T11:36:31.664422-04:00] access_logs.ERROR: This Failed [] []
[2023-04-28T11:36:31.700835-04:00] access_logs.ALERT: Hey this is an alert [] []
[2023-04-28T11:36:31.700876-04:00] access_logs.WARNING: This is a warning [] []
[2023-04-28T11:36:31.700896-04:00] access_logs.DEBUG: This is a debug [] []
[2023-04-28T11:36:31.700913-04:00] access_logs.NOTICE: This is a notice [] []
[2023-04-28T11:36:31.700929-04:00] access_logs.CRITICAL: This is critical [] []
[2023-04-28T11:36:31.700944-04:00] access_logs.EMERGENCY: This is an emergency [] []
[2023-04-28T11:36:31.700967-04:00] database_logs.INFO: This query failed... [] []
[2023-04-28T11:36:31.701000-04:00] access_logs.INFO: Access: POST/space-api/account [] []
[2023-04-28T11:36:31.701019-04:00] access_logs.INFO: IP: 127.0.0.1POST/space-api/account [] []
[2023-04-28T11:36:54.483042-04:00] access_logs.ERROR: This Failed [] []
[2023-04-28T11:36:54.483867-04:00] access_logs.ALERT: Hey this is an alert [] []
[2023-04-28T11:36:54.483895-04:00] access_logs.WARNING: This is a warning [] []
[2023-04-28T11:36:54.483914-04:00] access_logs.DEBUG: This is a debug [] []
[2023-04-28T11:36:54.483930-04:00] access_logs.NOTICE: This is a notice [] []
[2023-04-28T11:36:54.483946-04:00] access_logs.CRITICAL: This is critical [] []
[2023-04-28T11:36:54.483962-04:00] access_logs.EMERGENCY: This is an emergency [] []
[2023-04-28T11:36:54.483983-04:00] database_logs.INFO: This query failed... [] []
[2023-04-28T11:36:54.484005-04:00] access_logs.INFO: Access: POST/space-api/token [] []
[2023-04-28T11:36:54.484023-04:00] access_logs.INFO: IP: 127.0.0.1POST/space-api/token [] []
